Library/Bee/Android/Prj/Mono2x/Gradle/unityLibrary/build/intermediates/manifest_merge_blame_file/release/manifest-merger-blame-release-report.txt
1<?xml version="1.0" encoding="utf-8"?>
2<manifest xmlns:android="http://schemas.android.com/apk/res/android"
3    xmlns:tools="http://schemas.android.com/tools"
4    package="com.unity3d.player" >
5
6    <uses-sdk
7        android:minSdkVersion="22"
7-->src\main\AndroidManifest.xml
8        android:targetSdkVersion="32" />
8-->src\main\AndroidManifest.xml
9
10    <uses-feature android:glEsVersion="0x00030000" />
10-->src\main\AndroidManifest.xml:3:3-52
10-->src\main\AndroidManifest.xml:3:17-49
11    <uses-feature
11-->src\main\AndroidManifest.xml:4:3-91
12        android:name="android.hardware.vulkan.version"
12-->src\main\AndroidManifest.xml:4:17-63
13        android:required="false" />
13-->src\main\AndroidManifest.xml:4:64-88
14    <uses-feature
14-->src\main\AndroidManifest.xml:5:3-97
15        android:name="android.hardware.sensor.accelerometer"
15-->src\main\AndroidManifest.xml:5:17-69
16        android:required="false" />
16-->src\main\AndroidManifest.xml:5:70-94
17    <uses-feature
17-->src\main\AndroidManifest.xml:6:3-88
18        android:name="android.hardware.touchscreen"
18-->src\main\AndroidManifest.xml:6:17-60
19        android:required="false" />
19-->src\main\AndroidManifest.xml:6:61-85
20    <uses-feature
20-->src\main\AndroidManifest.xml:7:3-99
21        android:name="android.hardware.touchscreen.multitouch"
21-->src\main\AndroidManifest.xml:7:17-71
22        android:required="false" />
22-->src\main\AndroidManifest.xml:7:72-96
23    <uses-feature
23-->src\main\AndroidManifest.xml:8:3-108
24        android:name="android.hardware.touchscreen.multitouch.distinct"
24-->src\main\AndroidManifest.xml:8:17-80
25        android:required="false" />
25-->src\main\AndroidManifest.xml:8:81-105
26
27    <application android:extractNativeLibs="true" >
27-->src\main\AndroidManifest.xml:9:3-24:17
27-->src\main\AndroidManifest.xml:9:16-48
28        <meta-data
28-->src\main\AndroidManifest.xml:10:5-69
29            android:name="unity.splash-mode"
29-->src\main\AndroidManifest.xml:10:16-48
30            android:value="0" />
30-->src\main\AndroidManifest.xml:10:49-66
31        <meta-data
31-->src\main\AndroidManifest.xml:11:5-74
32            android:name="unity.splash-enable"
32-->src\main\AndroidManifest.xml:11:16-50
33            android:value="True" />
33-->src\main\AndroidManifest.xml:11:51-71
34        <meta-data
34-->src\main\AndroidManifest.xml:12:5-78
35            android:name="unity.launch-fullscreen"
35-->src\main\AndroidManifest.xml:12:16-54
36            android:value="True" />
36-->src\main\AndroidManifest.xml:12:55-75
37        <meta-data
37-->src\main\AndroidManifest.xml:13:5-84
38            android:name="unity.allow-resizable-window"
38-->src\main\AndroidManifest.xml:13:16-59
39            android:value="False" />
39-->src\main\AndroidManifest.xml:13:60-81
40        <meta-data
40-->src\main\AndroidManifest.xml:14:5-81
41            android:name="notch.config"
41-->src\main\AndroidManifest.xml:14:16-43
42            android:value="portrait|landscape" />
42-->src\main\AndroidManifest.xml:14:44-78
43        <meta-data
43-->src\main\AndroidManifest.xml:15:5-84
44            android:name="unity.auto-report-fully-drawn"
44-->src\main\AndroidManifest.xml:15:16-60
45            android:value="true" />
45-->src\main\AndroidManifest.xml:15:61-81
46
47        <activity
47-->src\main\AndroidManifest.xml:16:5-23:16
48            android:name="com.unity3d.player.UnityPlayerActivity"
48-->src\main\AndroidManifest.xml:16:15-68
49            android:configChanges="mcc|mnc|locale|touchscreen|keyboard|keyboardHidden|navigation|orientation|screenLayout|uiMode|screenSize|smallestScreenSize|fontScale|layoutDirection|density"
49-->src\main\AndroidManifest.xml:16:181-362
50            android:exported="true"
50-->src\main\AndroidManifest.xml:16:434-457
51            android:hardwareAccelerated="false"
51-->src\main\AndroidManifest.xml:16:398-433
52            android:launchMode="singleTask"
52-->src\main\AndroidManifest.xml:16:149-180
53            android:resizeableActivity="false"
53-->src\main\AndroidManifest.xml:16:363-397
54            android:screenOrientation="landscape"
54-->src\main\AndroidManifest.xml:16:111-148
55            android:theme="@style/UnityThemeSelector" >
55-->src\main\AndroidManifest.xml:16:69-110
56            <intent-filter>
56-->src\main\AndroidManifest.xml:17:7-20:23
57                <category android:name="android.intent.category.LAUNCHER" />
57-->src\main\AndroidManifest.xml:18:9-69
57-->src\main\AndroidManifest.xml:18:19-66
58
59                <action android:name="android.intent.action.MAIN" />
59-->src\main\AndroidManifest.xml:19:9-61
59-->src\main\AndroidManifest.xml:19:17-58
60            </intent-filter>
61
62            <meta-data
62-->src\main\AndroidManifest.xml:21:7-82
63                android:name="unityplayer.UnityActivity"
63-->src\main\AndroidManifest.xml:21:18-58
64                android:value="true" />
64-->src\main\AndroidManifest.xml:21:59-79
65            <meta-data
65-->src\main\AndroidManifest.xml:22:7-70
66                android:name="notch_support"
66-->src\main\AndroidManifest.xml:22:18-46
67                android:value="true" />
67-->src\main\AndroidManifest.xml:22:47-67
68        </activity>
69    </application>
70
71</manifest>